# JRE version: Java(TM) SE Runtime Environment (8.0_171-b11) (build 1.8.0_171-b11)
# Java VM: Java HotSpot(TM) 64-Bit Server VM (25.171-b11 mixed mode windows-amd64 compressed oops)
Heap:
 PSYoungGen      total 137728K, used 31787K [0x00000000f5580000, 0x0000000100000000, 0x0000000100000000)
  eden space 111616K, 24% used [0x00000000f5580000,0x00000000f705a948,0x00000000fc280000)
  from space 26112K, 16% used [0x00000000fc280000,0x00000000fc6b8000,0x00000000fdc00000)
  to   space 25600K, 0% used [0x00000000fe700000,0x00000000fe700000,0x0000000100000000)
 ParOldGen       total 175104K, used 142270K [0x00000000e0000000, 0x00000000eab00000, 0x00000000f5580000)
  object space 175104K, 81% used [0x00000000e0000000,0x00000000e8aefa18,0x00000000eab00000)
 Metaspace       used 84004K, capacity 90450K, committed 90752K, reserved 1126400K
  class space    used 11407K, capacity 12810K, committed 12928K, reserved 1048576K
GC Heap History (10 events):
Event: 860.392 GC heap before
{Heap before GC invocations=30 (full 3):
 PSYoungGen      total 146944K, used 124337K [0x00000000f5580000, 0x00000000ffe80000, 0x0000000100000000)
  eden space 120832K, 100% used [0x00000000f5580000,0x00000000fcb80000,0x00000000fcb80000)
  from space 26112K, 13% used [0x00000000fe500000,0x00000000fe86c6b8,0x00000000ffe80000)
  to   space 26112K, 0% used [0x00000000fcb80000,0x00000000fcb80000,0x00000000fe500000)
 ParOldGen       total 175104K, used 105558K [0x00000000e0000000, 0x00000000eab00000, 0x00000000f5580000)
  object space 175104K, 60% used [0x00000000e0000000,0x00000000e6715b28,0x00000000eab00000)
 Metaspace       used 75734K, capacity 81474K, committed 81536K, reserved 1118208K
  class space    used 10573K, capacity 11898K, committed 11904K, reserved 1048576K
Event: 860.418 GC heap after
Heap after GC invocations=30 (full 3):
 PSYoungGen      total 146944K, used 1808K [0x00000000f5580000, 0x00000000fff00000, 0x0000000100000000)
  eden space 120832K, 0% used [0x00000000f5580000,0x00000000f5580000,0x00000000fcb80000)
  from space 26112K, 6% used [0x00000000fcb80000,0x00000000fcd44010,0x00000000fe500000)
  to   space 25600K, 0% used [0x00000000fe600000,0x00000000fe600000,0x00000000fff00000)
 ParOldGen       total 175104K, used 108326K [0x00000000e0000000, 0x00000000eab00000, 0x00000000f5580000)
  object space 175104K, 61% used [0x00000000e0000000,0x00000000e69c9b48,0x00000000eab00000)
 Metaspace       used 75734K, capacity 81474K, committed 81536K, reserved 1118208K
  class space    used 10573K, capacity 11898K, committed 11904K, reserved 1048576K
}
Event: 913.501 GC heap before
{Heap before GC invocations=31 (full 3):
 PSYoungGen      total 146944K, used 122640K [0x00000000f5580000, 0x00000000fff00000, 0x0000000100000000)
  eden space 120832K, 100% used [0x00000000f5580000,0x00000000fcb80000,0x00000000fcb80000)
  from space 26112K, 6% used [0x00000000fcb80000,0x00000000fcd44010,0x00000000fe500000)
  to   space 25600K, 0% used [0x00000000fe600000,0x00000000fe600000,0x00000000fff00000)
 ParOldGen       total 175104K, used 108326K [0x00000000e0000000, 0x00000000eab00000, 0x00000000f5580000)
  object space 175104K, 61% used [0x00000000e0000000,0x00000000e69c9b48,0x00000000eab00000)
 Metaspace       used 80095K, capacity 86024K, committed 86272K, reserved 1122304K
  class space    used 11132K, capacity 12451K, committed 12544K, reserved 1048576K
Event: 913.706 GC heap after
Heap after GC invocations=31 (full 3):
 PSYoungGen      total 135680K, used 10323K [0x00000000f5580000, 0x00000000ff800000, 0x0000000100000000)
  eden space 117248K, 0% used [0x00000000f5580000,0x00000000f5580000,0x00000000fc800000)
  from space 18432K, 56% used [0x00000000fe600000,0x00000000ff014fe8,0x00000000ff800000)
  to   space 24576K, 0% used [0x00000000fc800000,0x00000000fc800000,0x00000000fe000000)
 ParOldGen       total 175104K, used 109798K [0x00000000e0000000, 0x00000000eab00000, 0x00000000f5580000)
  object space 175104K, 62% used [0x00000000e0000000,0x00000000e6b39b78,0x00000000eab00000)
 Metaspace       used 80095K, capacity 86024K, committed 86272K, reserved 1122304K
  class space    used 11132K, capacity 12451K, committed 12544K, reserved 1048576K
}
Event: 6364.766 GC heap before
{Heap before GC invocations=32 (full 3):
 PSYoungGen      total 135680K, used 127571K [0x00000000f5580000, 0x00000000ff800000, 0x0000000100000000)
  eden space 117248K, 100% used [0x00000000f5580000,0x00000000fc800000,0x00000000fc800000)
  from space 18432K, 56% used [0x00000000fe600000,0x00000000ff014fe8,0x00000000ff800000)
  to   space 24576K, 0% used [0x00000000fc800000,0x00000000fc800000,0x00000000fe000000)
 ParOldGen       total 175104K, used 109798K [0x00000000e0000000, 0x00000000eab00000, 0x00000000f5580000)
  object space 175104K, 62% used [0x00000000e0000000,0x00000000e6b39b78,0x00000000eab00000)
 Metaspace       used 83402K, capacity 89726K, committed 89856K, reserved 1126400K
  class space    used 11375K, capacity 12758K, committed 12800K, reserved 1048576K
Event: 6374.012 GC heap after
Heap after GC invocations=32 (full 3):
 PSYoungGen      total 125952K, used 11809K [0x00000000f5580000, 0x00000000ff380000, 0x0000000100000000)
  eden space 113664K, 0% used [0x00000000f5580000,0x00000000f5580000,0x00000000fc480000)
  from space 12288K, 96% used [0x00000000fc800000,0x00000000fd388550,0x00000000fd400000)
  to   space 24064K, 0% used [0x00000000fdc00000,0x00000000fdc00000,0x00000000ff380000)
 ParOldGen       total 175104K, used 115699K [0x00000000e0000000, 0x00000000eab00000, 0x00000000f5580000)
  object space 175104K, 66% used [0x00000000e0000000,0x00000000e70fcc80,0x00000000eab00000)
 Metaspace       used 83402K, capacity 89726K, committed 89856K, reserved 1126400K
  class space    used 11375K, capacity 12758K, committed 12800K, reserved 1048576K
}
Event: 6453.115 GC heap before
{Heap before GC invocations=33 (full 3):
 PSYoungGen      total 125952K, used 125473K [0x00000000f5580000, 0x00000000ff380000, 0x0000000100000000)
  eden space 113664K, 100% used [0x00000000f5580000,0x00000000fc480000,0x00000000fc480000)
  from space 12288K, 96% used [0x00000000fc800000,0x00000000fd388550,0x00000000fd400000)
  to   space 24064K, 0% used [0x00000000fdc00000,0x00000000fdc00000,0x00000000ff380000)
 ParOldGen       total 175104K, used 115699K [0x00000000e0000000, 0x00000000eab00000, 0x00000000f5580000)
  object space 175104K, 66% used [0x00000000e0000000,0x00000000e70fcc80,0x00000000eab00000)
 Metaspace       used 83904K, capacity 90378K, committed 90496K, reserved 1126400K
  class space    used 11406K, capacity 12810K, committed 12928K, reserved 1048576K
Event: 6457.085 GC heap after
Heap after GC invocations=33 (full 3):
 PSYoungGen      total 135680K, used 18752K [0x00000000f5580000, 0x0000000100000000, 0x0000000100000000)
  eden space 111616K, 0% used [0x00000000f5580000,0x00000000f5580000,0x00000000fc280000)
  from space 24064K, 77% used [0x00000000fdc00000,0x00000000fee50020,0x00000000ff380000)
  to   space 26112K, 0% used [0x00000000fc280000,0x00000000fc280000,0x00000000fdc00000)
 ParOldGen       total 175104K, used 124677K [0x00000000e0000000, 0x00000000eab00000, 0x00000000f5580000)
  object space 175104K, 71% used [0x00000000e0000000,0x00000000e79c1490,0x00000000eab00000)
 Metaspace       used 83904K, capacity 90378K, committed 90496K, reserved 1126400K
  class space    used 11406K, capacity 12810K, committed 12928K, reserved 1048576K
}
Event: 6512.799 GC heap before
{Heap before GC invocations=34 (full 3):
 PSYoungGen      total 135680K, used 130368K [0x00000000f5580000, 0x0000000100000000, 0x0000000100000000)
  eden space 111616K, 100% used [0x00000000f5580000,0x00000000fc280000,0x00000000fc280000)
  from space 24064K, 77% used [0x00000000fdc00000,0x00000000fee50020,0x00000000ff380000)
  to   space 26112K, 0% used [0x00000000fc280000,0x00000000fc280000,0x00000000fdc00000)
 ParOldGen       total 175104K, used 124677K [0x00000000e0000000, 0x00000000eab00000, 0x00000000f5580000)
  object space 175104K, 71% used [0x00000000e0000000,0x00000000e79c1490,0x00000000eab00000)
 Metaspace       used 83967K, capacity 90382K, committed 90752K, reserved 1126400K
  class space    used 11407K, capacity 12810K, committed 12928K, reserved 1048576K
Event: 6513.207 GC heap after
Heap after GC invocations=34 (full 3):
 PSYoungGen      total 137728K, used 4320K [0x00000000f5580000, 0x0000000100000000, 0x0000000100000000)
  eden space 111616K, 0% used [0x00000000f5580000,0x00000000f5580000,0x00000000fc280000)
  from space 26112K, 16% used [0x00000000fc280000,0x00000000fc6b8000,0x00000000fdc00000)
  to   space 25600K, 0% used [0x00000000fe700000,0x00000000fe700000,0x0000000100000000)
 ParOldGen       total 175104K, used 142270K [0x00000000e0000000, 0x00000000eab00000, 0x00000000f5580000)
  object space 175104K, 81% used [0x00000000e0000000,0x00000000e8aefa18,0x00000000eab00000)
 Metaspace       used 83967K, capacity 90382K, committed 90752K, reserved 1126400K
  class space    used 11407K, capacity 12810K, committed 12928K, reserved 1048576K
}

